<?xml version="1.0" encoding="utf-8"?><testsuites name="pytest tests"><testsuite name="pytest" errors="0" failures="0" skipped="0" tests="5" time="22.451" timestamp="2026-09-15T17:25:50.342854+00:00" hostname="agent-env-b1726021-2b47-44e7-80cf-ae96c7661447"><testcase classname="tests.test_dasha" name="test_moon_sign_scorpio" time="21.459" /><testcase classname="tests.test_dasha" name="test_dasha_first_period_mercury" time="0.000" /><testcase classname="tests.test_dasha" name="test_dasha_contiguous" time="0.000" /><testcase classname="tests.test_dasha" name="test_current_dasha_venus" time="0.000" /><testcase classname="tests.test_dasha" name="test_regression_fields" time="0.000" /></testsuite></testsuites>