<?xml version="1.0" encoding="utf-8"?><testsuites name="pytest tests"><testsuite name="pytest" errors="0" failures="0" skipped="0" tests="9" time="68.212" timestamp="2026-09-15T13:07:26.360535+00:00" hostname="agent-env-b1726021-2b47-44e7-80cf-ae96c7661447"><testcase classname="tests.test_new_features" name="test_precise_chart_jaipur" time="14.853" /><testcase classname="tests.test_new_features" name="test_precise_chart_place_differs" time="27.840" /><testcase classname="tests.test_new_features" name="test_horoscope_periods[daily]" time="0.237" /><testcase classname="tests.test_new_features" name="test_horoscope_periods[weekly]" time="10.014" /><testcase classname="tests.test_new_features" name="test_horoscope_periods[yearly]" time="12.713" /><testcase classname="tests.test_new_features" name="test_horoscope_cached" time="0.461" /><testcase classname="tests.test_new_features" name="test_horoscope_unknown_rashi" time="0.153" /><testcase classname="tests.test_new_features" name="test_profiles_unauth" time="0.174" /><testcase classname="tests.test_new_features" name="test_profiles_crud" time="1.232" /></testsuite></testsuites>