<?xml version="1.0" encoding="utf-8"?><testsuites name="pytest tests"><testsuite name="pytest" errors="0" failures="0" skipped="0" tests="11" time="8.523" timestamp="2026-09-15T17:50:45.823777+00:00" hostname="agent-env-b1726021-2b47-44e7-80cf-ae96c7661447"><testcase classname="tests.test_paid_pdf.TestAntardasha" name="test_dasha_has_antardashas" time="3.830" /><testcase classname="tests.test_paid_pdf.TestAntardasha" name="test_current_dasha_has_antardasha" time="0.000" /><testcase classname="tests.test_paid_pdf.TestAntardasha" name="test_antardasha_sum_matches_mahadasha" time="0.000" /><testcase classname="tests.test_paid_pdf.TestNavamsa" name="test_navamsa_positions" time="0.000" /><testcase classname="tests.test_paid_pdf.TestNavamsa" name="test_navamsa_ascendant" time="0.000" /><testcase classname="tests.test_paid_pdf.TestDiscountAdmin" name="test_non_admin_forbidden" time="0.189" /><testcase classname="tests.test_paid_pdf.TestDiscountAdmin" name="test_admin_crud" time="1.748" /><testcase classname="tests.test_paid_pdf.TestPaidPdf" name="test_free_path_downloads_pdf" time="0.671" /><testcase classname="tests.test_paid_pdf.TestPaidPdf" name="test_stripe_path_returns_url" time="1.334" /><testcase classname="tests.test_paid_pdf.TestPaidPdf" name="test_checkout_requires_auth" time="0.152" /><testcase classname="tests.test_paid_pdf.TestPaidPdf" name="test_cannot_checkout_others_reading" time="0.518" /></testsuite></testsuites>