<?xml version="1.0" encoding="utf-8"?><testsuites name="pytest tests"><testsuite name="pytest" errors="0" failures="0" skipped="0" tests="20" time="65.661" timestamp="2026-09-15T12:50:18.747382+00:00" hostname="agent-env-b1726021-2b47-44e7-80cf-ae96c7661447"><testcase classname="tests.test_rashisense" name="test_root" time="0.354" /><testcase classname="tests.test_rashisense" name="test_rashis" time="0.073" /><testcase classname="tests.test_rashisense" name="test_gemstones" time="0.069" /><testcase classname="tests.test_rashisense" name="test_register_duplicate" time="0.378" /><testcase classname="tests.test_rashisense" name="test_login_with_email" time="0.504" /><testcase classname="tests.test_rashisense" name="test_login_admin_by_username" time="0.294" /><testcase classname="tests.test_rashisense" name="test_login_admin_by_email" time="0.306" /><testcase classname="tests.test_rashisense" name="test_login_bad" time="0.085" /><testcase classname="tests.test_rashisense" name="test_me" time="0.071" /><testcase classname="tests.test_rashisense" name="test_me_no_token" time="0.073" /><testcase classname="tests.test_rashisense" name="test_calculate_anon" time="14.201" /><testcase classname="tests.test_rashisense" name="test_calculate_bad_date" time="0.070" /><testcase classname="tests.test_rashisense" name="test_calculate_deterministic" time="29.795" /><testcase classname="tests.test_rashisense" name="test_calculate_saves_for_user" time="17.651" /><testcase classname="tests.test_rashisense" name="test_list_readings" time="0.249" /><testcase classname="tests.test_rashisense" name="test_delete_reading" time="0.166" /><testcase classname="tests.test_rashisense" name="test_admin_stats" time="0.415" /><testcase classname="tests.test_rashisense" name="test_admin_users" time="0.089" /><testcase classname="tests.test_rashisense" name="test_admin_logs" time="0.084" /><testcase classname="tests.test_rashisense" name="test_admin_forbidden_for_user" time="0.183" /></testsuite></testsuites>