<?xml version="1.0" encoding="utf-8"?><testsuites name="pytest tests"><testsuite name="pytest" errors="0" failures="0" skipped="0" tests="57" time="38.315" timestamp="2026-09-15T18:53:47.540996+00:00" hostname="agent-env-b1726021-2b47-44e7-80cf-ae96c7661447"><testcase classname="tests.test_dasha" name="test_moon_sign_scorpio" time="1.675" /><testcase classname="tests.test_dasha" name="test_dasha_first_period_mercury" time="0.000" /><testcase classname="tests.test_dasha" name="test_dasha_contiguous" time="0.000" /><testcase classname="tests.test_dasha" name="test_current_dasha_venus" time="0.000" /><testcase classname="tests.test_dasha" name="test_regression_fields" time="0.000" /><testcase classname="tests.test_new_features" name="test_precise_chart_jaipur" time="1.470" /><testcase classname="tests.test_new_features" name="test_precise_chart_place_differs" time="3.032" /><testcase classname="tests.test_new_features" name="test_horoscope_periods[daily]" time="1.580" /><testcase classname="tests.test_new_features" name="test_horoscope_periods[weekly]" time="1.542" /><testcase classname="tests.test_new_features" name="test_horoscope_periods[yearly]" time="1.716" /><testcase classname="tests.test_new_features" name="test_horoscope_cached" time="0.294" /><testcase classname="tests.test_new_features" name="test_horoscope_unknown_rashi" time="0.137" /><testcase classname="tests.test_new_features" name="test_profiles_unauth" time="0.119" /><testcase classname="tests.test_new_features" name="test_profiles_crud" time="0.998" /><testcase classname="tests.test_paid_pdf.TestAntardasha" name="test_dasha_has_antardashas" time="1.820" /><testcase classname="tests.test_paid_pdf.TestAntardasha" name="test_current_dasha_has_antardasha" time="0.000" /><testcase classname="tests.test_paid_pdf.TestAntardasha" name="test_antardasha_sum_matches_mahadasha" time="0.000" /><testcase classname="tests.test_paid_pdf.TestNavamsa" name="test_navamsa_positions" time="0.000" /><testcase classname="tests.test_paid_pdf.TestNavamsa" name="test_navamsa_ascendant" time="0.000" /><testcase classname="tests.test_paid_pdf.TestDiscountAdmin" name="test_non_admin_forbidden" time="0.157" /><testcase classname="tests.test_paid_pdf.TestDiscountAdmin" name="test_admin_crud" time="1.866" /><testcase classname="tests.test_paid_pdf.TestPaidPdf" name="test_free_path_downloads_pdf" time="0.736" /><testcase classname="tests.test_paid_pdf.TestPaidPdf" name="test_stripe_path_returns_url" time="1.284" /><testcase classname="tests.test_paid_pdf.TestPaidPdf" name="test_checkout_requires_auth" time="0.120" /><testcase classname="tests.test_paid_pdf.TestPaidPdf" name="test_cannot_checkout_others_reading" time="0.523" /><testcase classname="tests.test_rashify_v6" name="test_cities_short_query_empty" time="0.210" /><testcase classname="tests.test_rashify_v6" name="test_cities_query_returns_results" time="0.194" /><testcase classname="tests.test_rashify_v6" name="test_match_returns_valid_ashtakoot" time="0.128" /><testcase classname="tests.test_rashify_v6" name="test_dasha_insights_english" time="1.639" /><testcase classname="tests.test_rashify_v6" name="test_get_settings_defaults" time="0.187" /><testcase classname="tests.test_rashify_v6" name="test_update_settings_admin_persists" time="0.686" /><testcase classname="tests.test_rashify_v6" name="test_update_settings_non_admin_forbidden" time="0.564" /><testcase classname="tests.test_rashify_v6" name="test_rashi_calculate_hindi" time="1.628" /><testcase classname="tests.test_rashify_v6" name="test_horoscope_hindi" time="0.130" /><testcase classname="tests.test_rashisense" name="test_root" time="0.132" /><testcase classname="tests.test_rashisense" name="test_rashis" time="0.071" /><testcase classname="tests.test_rashisense" name="test_gemstones" time="0.079" /><testcase classname="tests.test_rashisense" name="test_register_duplicate" time="0.374" /><testcase classname="tests.test_rashisense" name="test_login_with_email" time="0.305" /><testcase classname="tests.test_rashisense" name="test_login_admin_by_username" time="0.296" /><testcase classname="tests.test_rashisense" name="test_login_admin_by_email" time="0.304" /><testcase classname="tests.test_rashisense" name="test_login_bad" time="0.066" /><testcase classname="tests.test_rashisense" name="test_me" time="0.065" /><testcase classname="tests.test_rashisense" name="test_me_no_token" time="0.076" /><testcase classname="tests.test_rashisense" name="test_calculate_anon" time="1.724" /><testcase classname="tests.test_rashisense" name="test_calculate_bad_date" time="0.069" /><testcase classname="tests.test_rashisense" name="test_calculate_deterministic" time="3.004" /><testcase classname="tests.test_rashisense" name="test_calculate_saves_for_user" time="1.546" /><testcase classname="tests.test_rashisense" name="test_list_readings" time="0.072" /><testcase classname="tests.test_rashisense" name="test_delete_reading" time="0.145" /><testcase classname="tests.test_rashisense" name="test_admin_stats" time="0.384" /><testcase classname="tests.test_rashisense" name="test_admin_users" time="0.065" /><testcase classname="tests.test_rashisense" name="test_admin_logs" time="0.072" /><testcase classname="tests.test_rashisense" name="test_admin_forbidden_for_user" time="0.140" /><testcase classname="tests.test_western_sign" name="test_scorpio_western_sun_1992_11_10" time="1.517" /><testcase classname="tests.test_western_sign" name="test_aries_western_sun_1990_04_05" time="1.640" /><testcase classname="tests.test_western_sign" name="test_regression_response_fields" time="1.639" /></testsuite></testsuites>