<?xml version="1.0" encoding="utf-8"?><testsuites name="pytest tests"><testsuite name="pytest" errors="0" failures="0" skipped="0" tests="9" time="8.215" timestamp="2026-09-15T18:53:24.211042+00:00" hostname="agent-env-b1726021-2b47-44e7-80cf-ae96c7661447"><testcase classname="tests.test_rashify_v6" name="test_cities_short_query_empty" time="0.349" /><testcase classname="tests.test_rashify_v6" name="test_cities_query_returns_results" time="0.215" /><testcase classname="tests.test_rashify_v6" name="test_match_returns_valid_ashtakoot" time="0.155" /><testcase classname="tests.test_rashify_v6" name="test_dasha_insights_english" time="4.199" /><testcase classname="tests.test_rashify_v6" name="test_get_settings_defaults" time="0.280" /><testcase classname="tests.test_rashify_v6" name="test_update_settings_admin_persists" time="0.761" /><testcase classname="tests.test_rashify_v6" name="test_update_settings_non_admin_forbidden" time="0.478" /><testcase classname="tests.test_rashify_v6" name="test_rashi_calculate_hindi" time="1.492" /><testcase classname="tests.test_rashify_v6" name="test_horoscope_hindi" time="0.158" /></testsuite></testsuites>