<?xml version="1.0" encoding="utf-8"?><testsuites name="pytest tests"><testsuite name="pytest" errors="0" failures="0" skipped="0" tests="3" time="41.698" timestamp="2026-09-15T13:14:26.995351+00:00" hostname="agent-env-b1726021-2b47-44e7-80cf-ae96c7661447"><testcase classname="tests.test_western_sign" name="test_scorpio_western_sun_1992_11_10" time="14.669" /><testcase classname="tests.test_western_sign" name="test_aries_western_sun_1990_04_05" time="13.880" /><testcase classname="tests.test_western_sign" name="test_regression_response_fields" time="12.661" /></testsuite></testsuites>